The system is: Windows - 10.0.22471 - AMD64
Compiling the C compiler identification source file "CMakeCCompilerId.c" succeeded.
Compiler: C:/Program Files (x86)/Microsoft Visual Studio/2019/Community/VC/Tools/MSVC/14.29.30133/bin/Hostx64/x64/cl.exe 
Build flags: 
Id flags:  

The output was:
0
用于 x64 的 Microsoft (R) C/C++ 优化编译器 19.29.30136 版
版权所有(C) Microsoft Corporation。保留所有权利。

CMakeCCompilerId.c
Microsoft (R) Incremental Linker Version 14.29.30136.0
Copyright (C) Microsoft Corporation.  All rights reserved.

/out:CMakeCCompilerId.exe 
CMakeCCompilerId.obj 


Compilation of the C compiler identification source "CMakeCCompilerId.c" produced "CMakeCCompilerId.exe"

Compilation of the C compiler identification source "CMakeCCompilerId.c" produced "CMakeCCompilerId.obj"

The C compiler identification is MSVC, found in "C:/Users/lmx40_qjy9utl/Documents/Cproj/vs/nmap-master/libz/out/build/x64-Debug/CMakeFiles/3.20.21032501-MSVC_2/CompilerIdC/CMakeCCompilerId.exe"

Detecting C compiler ABI info compiled with the following output:
Change Dir: C:/Users/lmx40_qjy9utl/Documents/Cproj/vs/nmap-master/libz/out/build/x64-Debug/CMakeFiles/CMakeTmp

Run Build Command(s):C:/Program Files (x86)/Microsoft Visual Studio/2019/Community/Common7/IDE/CommonExtensions/Microsoft/CMake/Ninja/ninja.exe cmTC_1148c && [1/2] Building C object CMakeFiles\cmTC_1148c.dir\CMakeCCompilerABI.c.obj
[2/2] Linking C executable cmTC_1148c.exe



Determining if the include file sys/types.h exists passed with the following output:
Change Dir: C:/Users/lmx40_qjy9utl/Documents/Cproj/vs/nmap-master/libz/out/build/x64-Debug/CMakeFiles/CMakeTmp

Run Build Command(s):C:/Program Files (x86)/Microsoft Visual Studio/2019/Community/Common7/IDE/CommonExtensions/Microsoft/CMake/Ninja/ninja.exe cmTC_cf4f6 && [1/2] Building C object CMakeFiles\cmTC_cf4f6.dir\CheckIncludeFile.c.obj
[2/2] Linking C executable cmTC_cf4f6.exe



Determining if the include file stdint.h exists passed with the following output:
Change Dir: C:/Users/lmx40_qjy9utl/Documents/Cproj/vs/nmap-master/libz/out/build/x64-Debug/CMakeFiles/CMakeTmp

Run Build Command(s):C:/Program Files (x86)/Microsoft Visual Studio/2019/Community/Common7/IDE/CommonExtensions/Microsoft/CMake/Ninja/ninja.exe cmTC_4c549 && [1/2] Building C object CMakeFiles\cmTC_4c549.dir\CheckIncludeFile.c.obj
[2/2] Linking C executable cmTC_4c549.exe



Determining if the include file stddef.h exists passed with the following output:
Change Dir: C:/Users/lmx40_qjy9utl/Documents/Cproj/vs/nmap-master/libz/out/build/x64-Debug/CMakeFiles/CMakeTmp

Run Build Command(s):C:/Program Files (x86)/Microsoft Visual Studio/2019/Community/Common7/IDE/CommonExtensions/Microsoft/CMake/Ninja/ninja.exe cmTC_90722 && [1/2] Building C object CMakeFiles\cmTC_90722.dir\CheckIncludeFile.c.obj
[2/2] Linking C executable cmTC_90722.exe



